2026-03-13 16:51:31 [MiddleMan] Log file: C:\Users\Dakota\Documents\Cursor Projects\RuneLite\MiddleMan\middleman.log
2026-03-13 16:51:31 [MiddleMan] Agent thread started.
2026-03-13 16:51:31 [MiddleMan] Waiting for RuneLite Client (port 8765)...
2026-03-13 16:51:31 [MiddleMan] Discovery waiting (will retry): ClassNotFoundException - net.runelite.client.RuneLite
2026-03-13 16:51:36 [MiddleMan] Client found, starting HTTP server.
2026-03-13 16:51:36 [MiddleMan] Game state API listening on http://127.0.0.1:8765
2026-03-13 16:52:01 [MiddleMan] Log file: C:\Users\Dakota\Documents\Cursor Projects\RuneLite\MiddleMan\middleman.log
2026-03-13 16:52:01 [MiddleMan] Agent thread started.
2026-03-13 16:52:01 [MiddleMan] Waiting for RuneLite Client (port 8765)...
2026-03-13 16:52:02 [MiddleMan] Discovery waiting (will retry): ClassNotFoundException - net.runelite.client.RuneLite
2026-03-13 16:52:05 [MiddleMan] Client found, starting HTTP server.
2026-03-13 16:52:06 [MiddleMan] Game state API listening on http://127.0.0.1:8765
2026-03-13 16:57:26 [MiddleMan] Log file: C:\Users\Dakota\Documents\Cursor Projects\RuneLite\MiddleMan\middleman.log
2026-03-13 16:57:26 [MiddleMan] Agent thread started.
2026-03-13 16:57:27 [MiddleMan] Waiting for RuneLite Client (port 8765)...
2026-03-13 16:57:27 [MiddleMan] Discovery waiting (will retry): ClassNotFoundException - net.runelite.client.RuneLite
2026-03-13 16:57:31 [MiddleMan] Client found, starting HTTP server.
2026-03-13 16:57:31 [MiddleMan] Game state API listening on http://127.0.0.1:8765
2026-03-13 17:04:51 [MiddleMan] Log file: C:\Users\Dakota\Documents\Cursor Projects\RuneLite\MiddleMan\middleman.log
2026-03-13 17:04:51 [MiddleMan] Agent thread started.
2026-03-13 17:04:51 [MiddleMan] Waiting for RuneLite Client (port 8765)...
2026-03-13 17:04:51 [MiddleMan] Discovery waiting (will retry): ClassNotFoundException - net.runelite.client.RuneLite
2026-03-13 17:04:54 [MiddleMan] Client found, starting HTTP server.
2026-03-13 17:04:54 [MiddleMan] Game state API listening on http://127.0.0.1:8765
2026-03-13 17:20:44 [MiddleMan] Log file: C:\Users\Dakota\Documents\Cursor Projects\RuneLite\MiddleMan\middleman.log
2026-03-13 17:20:44 [MiddleMan] Agent thread started.
2026-03-13 17:20:44 [MiddleMan] Waiting for RuneLite Client (port 8765)...
2026-03-13 17:20:44 [MiddleMan] Discovery waiting (will retry): ClassNotFoundException - net.runelite.client.RuneLite
2026-03-13 17:20:48 [MiddleMan] Client found, starting HTTP server.
2026-03-13 17:20:48 [MiddleMan] Game state API listening on http://127.0.0.1:8765
2026-03-13 17:24:20 [MiddleMan] Log file: C:\Users\Dakota\Documents\Cursor Projects\RuneLite\MiddleMan\middleman.log
2026-03-13 17:24:20 [MiddleMan] Agent thread started.
2026-03-13 17:24:21 [MiddleMan] Waiting for RuneLite Client (port 8765)...
2026-03-13 17:24:21 [MiddleMan] Discovery waiting (will retry): ClassNotFoundException - net.runelite.client.RuneLite
2026-03-13 17:24:24 [MiddleMan] Client found, starting HTTP server.
2026-03-13 17:24:24 [MiddleMan] Game state API listening on http://127.0.0.1:8765
2026-03-13 17:26:27 [MiddleMan] Log file: C:\Users\Dakota\Documents\Cursor Projects\RuneLite\MiddleMan\middleman.log
2026-03-13 17:26:27 [MiddleMan] Agent thread started.
2026-03-13 17:26:27 [MiddleMan] Waiting for RuneLite Client (port 8765)...
2026-03-13 17:26:27 [MiddleMan] Discovery waiting (will retry): ClassNotFoundException - net.runelite.client.RuneLite
2026-03-13 17:26:31 [MiddleMan] Client found, starting HTTP server.
2026-03-13 17:26:31 [MiddleMan] Game state API listening on http://127.0.0.1:8765
2026-03-13 17:34:46 [MiddleMan] Log file: C:\Users\Dakota\Documents\Cursor Projects\RuneLite\MiddleMan\middleman.log
2026-03-13 17:34:46 [MiddleMan] Agent thread started.
2026-03-13 17:34:46 [MiddleMan] Waiting for RuneLite Client (port 8765)...
2026-03-13 17:34:46 [MiddleMan] Discovery waiting (will retry): ClassNotFoundException - net.runelite.client.RuneLite
2026-03-13 17:34:50 [MiddleMan] Client found, starting HTTP server.
2026-03-13 17:34:50 [MiddleMan] Game state API listening on http://127.0.0.1:8765
2026-03-13 17:49:43 [MiddleMan] Log file: C:\Users\Dakota\Documents\Cursor Projects\RuneLite\MiddleMan\middleman.log
2026-03-13 17:49:43 [MiddleMan] Agent thread started.
2026-03-13 17:49:43 [MiddleMan] Waiting for RuneLite Client (port 8765)...
2026-03-13 17:49:43 [MiddleMan] Discovery waiting (will retry): ClassNotFoundException - net.runelite.client.RuneLite
2026-03-13 17:49:48 [MiddleMan] Client found, starting HTTP server.
2026-03-13 17:49:48 [MiddleMan] Game state API listening on http://127.0.0.1:8765
2026-03-13 17:50:50 [MiddleMan] Log file: C:\Users\Dakota\Documents\Cursor Projects\RuneLite\MiddleMan\middleman.log
2026-03-13 17:50:50 [MiddleMan] Agent thread started.
2026-03-13 17:50:50 [MiddleMan] Waiting for RuneLite Client (port 8765)...
2026-03-13 17:50:50 [MiddleMan] Discovery waiting (will retry): ClassNotFoundException - net.runelite.client.RuneLite
2026-03-13 17:50:54 [MiddleMan] Client found, starting HTTP server.
2026-03-13 17:50:54 [MiddleMan] Game state API listening on http://127.0.0.1:8765
2026-03-13 17:52:18 [MiddleMan] Log file: C:\Users\Dakota\Documents\Cursor Projects\RuneLite\MiddleMan\middleman.log
2026-03-13 17:52:18 [MiddleMan] Agent thread started.
2026-03-13 17:52:18 [MiddleMan] Waiting for RuneLite Client (port 8765)...
2026-03-13 17:52:18 [MiddleMan] Discovery waiting (will retry): ClassNotFoundException - net.runelite.client.RuneLite
2026-03-13 17:52:22 [MiddleMan] Client found, starting HTTP server.
2026-03-13 17:52:22 [MiddleMan] Game state API listening on http://127.0.0.1:8765
2026-03-13 17:52:44 [MiddleMan] Log file: C:\Users\Dakota\Documents\Cursor Projects\RuneLite\MiddleMan\middleman.log
2026-03-13 17:52:44 [MiddleMan] Agent thread started.
2026-03-13 17:52:44 [MiddleMan] Waiting for RuneLite Client (port 8765)...
2026-03-13 17:52:44 [MiddleMan] Discovery waiting (will retry): ClassNotFoundException - net.runelite.client.RuneLite
2026-03-13 17:52:47 [MiddleMan] Client found, starting HTTP server.
2026-03-13 17:52:47 [MiddleMan] Game state API listening on http://127.0.0.1:8765
2026-03-13 17:53:52 [MiddleMan] Log file: C:\Users\Dakota\Documents\Cursor Projects\RuneLite\MiddleMan\middleman.log
2026-03-13 17:53:52 [MiddleMan] Agent thread started.
2026-03-13 17:53:52 [MiddleMan] Waiting for RuneLite Client (port 8765)...
2026-03-13 17:53:52 [MiddleMan] Discovery waiting (will retry): ClassNotFoundException - net.runelite.client.RuneLite
2026-03-13 17:53:56 [MiddleMan] Client found, starting HTTP server.
2026-03-13 17:53:56 [MiddleMan] Game state API listening on http://127.0.0.1:8765
2026-03-13 18:06:35 [MiddleMan] Log file: C:\Users\Dakota\Documents\Cursor Projects\RuneLite\MiddleMan\middleman.log
2026-03-13 18:06:35 [MiddleMan] Agent thread started.
2026-03-13 18:06:35 [MiddleMan] Waiting for RuneLite Client (port 8765)...
2026-03-13 18:06:35 [MiddleMan] Discovery waiting (will retry): ClassNotFoundException - net.runelite.client.RuneLite
2026-03-13 18:06:39 [MiddleMan] Client found, starting HTTP server.
2026-03-13 18:06:39 [MiddleMan] Game state API listening on http://127.0.0.1:8765
2026-03-13 18:12:49 [MiddleMan] Log file: C:\Users\Dakota\Documents\Cursor Projects\RuneLite\MiddleMan\middleman.log
2026-03-13 18:12:49 [MiddleMan] Agent thread started.
2026-03-13 18:12:49 [MiddleMan] Waiting for RuneLite Client (port 8765)...
2026-03-13 18:12:49 [MiddleMan] Client found, starting HTTP server.
2026-03-13 18:12:49 [MiddleMan] Game state API listening on http://127.0.0.1:8765
2026-03-13 18:17:15 [MiddleMan] Agent thread started.
2026-03-13 18:17:15 [MiddleMan] Waiting for RuneLite Client (port 8765)...
2026-03-13 18:17:15 [MiddleMan] Client found, starting HTTP server.
2026-03-13 18:17:15 [MiddleMan] Error: Address already in use: bind
java.net.BindException: Address already in use: bind
	at java.base/sun.nio.ch.Net.bind0(Native Method)
	at java.base/sun.nio.ch.Net.bind(Unknown Source)
	at java.base/sun.nio.ch.Net.bind(Unknown Source)
	at java.base/sun.nio.ch.ServerSocketChannelImpl.bind(Unknown Source)
	at java.base/sun.nio.ch.ServerSocketAdaptor.bind(Unknown Source)
	at jdk.httpserver/sun.net.httpserver.ServerImpl.<init>(Unknown Source)
	at jdk.httpserver/sun.net.httpserver.HttpServerImpl.<init>(Unknown Source)
	at jdk.httpserver/sun.net.httpserver.DefaultHttpServerProvider.createHttpServer(Unknown Source)
	at jdk.httpserver/com.sun.net.httpserver.HttpServer.create(Unknown Source)
	at middleman.agent.GameStateServer.start(GameStateServer.java:31)
	at middleman.agent.MiddleManAgent.run(MiddleManAgent.java:31)
	at middleman.agent.MiddleManAgent.lambda$premain$0(MiddleManAgent.java:12)
	at java.base/java.lang.Thread.run(Unknown Source)
2026-03-13 18:17:31 [MiddleMan] Agent thread started.
2026-03-13 18:17:31 [MiddleMan] Waiting for RuneLite Client (port 8765)...
2026-03-13 18:17:31 [MiddleMan] Client found, starting HTTP server.
2026-03-13 18:17:31 [MiddleMan] Error: Address already in use: bind
java.net.BindException: Address already in use: bind
	at java.base/sun.nio.ch.Net.bind0(Native Method)
	at java.base/sun.nio.ch.Net.bind(Unknown Source)
	at java.base/sun.nio.ch.Net.bind(Unknown Source)
	at java.base/sun.nio.ch.ServerSocketChannelImpl.bind(Unknown Source)
	at java.base/sun.nio.ch.ServerSocketAdaptor.bind(Unknown Source)
	at jdk.httpserver/sun.net.httpserver.ServerImpl.<init>(Unknown Source)
	at jdk.httpserver/sun.net.httpserver.HttpServerImpl.<init>(Unknown Source)
	at jdk.httpserver/sun.net.httpserver.DefaultHttpServerProvider.createHttpServer(Unknown Source)
	at jdk.httpserver/com.sun.net.httpserver.HttpServer.create(Unknown Source)
	at middleman.agent.GameStateServer.start(GameStateServer.java:31)
	at middleman.agent.MiddleManAgent.run(MiddleManAgent.java:31)
	at middleman.agent.MiddleManAgent.lambda$premain$0(MiddleManAgent.java:12)
	at java.base/java.lang.Thread.run(Unknown Source)
2026-03-13 18:19:19 [MiddleMan] Log file: C:\Users\Dakota\Documents\Cursor Projects\RuneLite\MiddleMan\middleman.log
2026-03-13 18:19:19 [MiddleMan] Agent thread started.
2026-03-13 18:19:19 [MiddleMan] Waiting for RuneLite Client (port 8765)...
2026-03-13 18:19:19 [MiddleMan] Client found, starting HTTP server.
2026-03-13 18:19:19 [MiddleMan] Game state API listening on http://127.0.0.1:8765
2026-03-13 18:20:30 [MiddleMan] Agent thread started.
2026-03-13 18:20:30 [MiddleMan] Waiting for RuneLite Client (port 8765)...
2026-03-13 18:20:30 [MiddleMan] Client found, starting HTTP server.
2026-03-13 18:20:30 [MiddleMan] Port 8765 already in use (API already running from a previous attach). Dashboard will use existing server.
2026-03-13 18:20:42 [MiddleMan] Agent thread started.
2026-03-13 18:20:42 [MiddleMan] Waiting for RuneLite Client (port 8765)...
2026-03-13 18:20:42 [MiddleMan] Client found, starting HTTP server.
2026-03-13 18:20:42 [MiddleMan] Port 8765 already in use (API already running from a previous attach). Dashboard will use existing server.
2026-03-13 18:21:01 [MiddleMan] Agent thread started.
2026-03-13 18:21:01 [MiddleMan] Waiting for RuneLite Client (port 8765)...
2026-03-13 18:21:01 [MiddleMan] Client found, starting HTTP server.
2026-03-13 18:21:01 [MiddleMan] Port 8765 already in use (API already running from a previous attach). Dashboard will use existing server.
2026-03-13 18:21:10 [MiddleMan] Agent thread started.
2026-03-13 18:21:10 [MiddleMan] Waiting for RuneLite Client (port 8765)...
2026-03-13 18:21:10 [MiddleMan] Client found, starting HTTP server.
2026-03-13 18:21:10 [MiddleMan] Port 8765 already in use (API already running from a previous attach). Dashboard will use existing server.
2026-03-13 18:21:23 [MiddleMan] Agent thread started.
2026-03-13 18:21:23 [MiddleMan] Waiting for RuneLite Client (port 8765)...
2026-03-13 18:21:23 [MiddleMan] Client found, starting HTTP server.
2026-03-13 18:21:23 [MiddleMan] Port 8765 already in use (API already running from a previous attach). Dashboard will use existing server.
2026-03-13 18:23:30 [MiddleMan] Agent thread started.
2026-03-13 18:23:30 [MiddleMan] Waiting for RuneLite Client (port 8765)...
2026-03-13 18:23:30 [MiddleMan] Client found, starting HTTP server.
2026-03-13 18:23:30 [MiddleMan] Port 8765 already in use (API already running from a previous attach). Dashboard will use existing server.
2026-03-13 18:24:30 [MiddleMan] Log file: C:\Users\Dakota\Documents\Cursor Projects\RuneLite\MiddleMan\middleman.log
2026-03-13 18:24:30 [MiddleMan] Agent thread started.
2026-03-13 18:24:30 [MiddleMan] Waiting for RuneLite Client (port 8765)...
2026-03-13 18:24:30 [MiddleMan] Client found, starting HTTP server.
2026-03-13 18:24:30 [MiddleMan] Game state API listening on http://127.0.0.1:8765
2026-03-13 18:28:45 [MiddleMan] Log file: C:\Users\Dakota\Documents\Cursor Projects\RuneLite\MiddleMan\middleman.log
2026-03-13 18:28:45 [MiddleMan] Agent thread started.
2026-03-13 18:28:45 [MiddleMan] Waiting for RuneLite Client (port 8765)...
2026-03-13 18:28:45 [MiddleMan] Client found, starting HTTP server.
2026-03-13 18:28:45 [MiddleMan] Game state API listening on http://127.0.0.1:8765
2026-03-13 18:30:05 [MiddleMan] Agent thread started.
2026-03-13 18:30:05 [MiddleMan] Waiting for RuneLite Client (port 8765)...
2026-03-13 18:30:05 [MiddleMan] Client found, starting HTTP server.
2026-03-13 18:30:05 [MiddleMan] Port 8765 in use; asking previous agent to shut down so this instance can take over.
2026-03-13 18:30:06 [MiddleMan] Game state API listening on http://127.0.0.1:8765
2026-03-13 18:31:03 [MiddleMan] Agent thread started.
2026-03-13 18:31:03 [MiddleMan] Waiting for RuneLite Client (port 8765)...
2026-03-13 18:31:03 [MiddleMan] Client found, starting HTTP server.
2026-03-13 18:31:03 [MiddleMan] Port 8765 in use; asking previous agent to shut down so this instance can take over.
2026-03-13 18:31:03 [MiddleMan] Game state API listening on http://127.0.0.1:8765
2026-03-13 18:31:14 [MiddleMan] Agent thread started.
2026-03-13 18:31:14 [MiddleMan] Waiting for RuneLite Client (port 8765)...
2026-03-13 18:31:14 [MiddleMan] Client found, starting HTTP server.
2026-03-13 18:31:14 [MiddleMan] Port 8765 in use; asking previous agent to shut down so this instance can take over.
2026-03-13 18:31:14 [MiddleMan] Game state API listening on http://127.0.0.1:8765
2026-03-13 18:32:35 [MiddleMan] Agent thread started.
2026-03-13 18:32:35 [MiddleMan] Waiting for RuneLite Client (port 8765)...
2026-03-13 18:32:35 [MiddleMan] Client found, starting HTTP server.
2026-03-13 18:32:35 [MiddleMan] Port 8765 in use; asking previous agent to shut down so this instance can take over.
2026-03-13 18:32:35 [MiddleMan] Game state API listening on http://127.0.0.1:8765
2026-03-13 18:32:52 [MiddleMan] Agent thread started.
2026-03-13 18:32:52 [MiddleMan] Waiting for RuneLite Client (port 8765)...
2026-03-13 18:32:52 [MiddleMan] Client found, starting HTTP server.
2026-03-13 18:32:52 [MiddleMan] Port 8765 in use; asking previous agent to shut down so this instance can take over.
2026-03-13 18:32:53 [MiddleMan] Game state API listening on http://127.0.0.1:8765
2026-03-13 18:35:55 [MiddleMan] Agent thread started.
2026-03-13 18:35:55 [MiddleMan] Waiting for RuneLite Client (port 8765)...
2026-03-13 18:35:55 [MiddleMan] Client found, starting HTTP server.
2026-03-13 18:35:55 [MiddleMan] Port 8765 in use; asking previous agent to shut down so this instance can take over.
2026-03-13 18:35:55 [MiddleMan] Game state API listening on http://127.0.0.1:8765
2026-03-13 18:54:36 [MiddleMan] Log file: C:\Users\Dakota\Documents\Cursor Projects\RuneLite\MiddleMan\middleman.log
2026-03-13 18:54:36 [MiddleMan] Agent thread started.
2026-03-13 18:54:36 [MiddleMan] Waiting for RuneLite Client (port 8765)...
2026-03-13 18:54:36 [MiddleMan] Client found, starting HTTP server.
2026-03-13 18:54:36 [MiddleMan] Game state API listening on http://127.0.0.1:8765
2026-03-13 18:55:24 [MiddleMan] Agent thread started.
2026-03-13 18:55:24 [MiddleMan] Waiting for RuneLite Client (port 8765)...
2026-03-13 18:55:24 [MiddleMan] Client found, starting HTTP server.
2026-03-13 18:55:24 [MiddleMan] Port 8765 in use; asking previous agent to shut down so this instance can take over.
2026-03-13 18:55:24 [MiddleMan] Game state API listening on http://127.0.0.1:8765
2026-03-13 18:55:48 [MiddleMan] Agent thread started.
2026-03-13 18:55:48 [MiddleMan] Waiting for RuneLite Client (port 8765)...
2026-03-13 18:55:48 [MiddleMan] Client found, starting HTTP server.
2026-03-13 18:55:48 [MiddleMan] Port 8765 in use; asking previous agent to shut down so this instance can take over.
2026-03-13 18:55:48 [MiddleMan] Game state API listening on http://127.0.0.1:8765
2026-03-13 18:58:06 [MiddleMan] Log file: C:\Users\Dakota\Documents\Cursor Projects\RuneLite\MiddleMan\middleman.log
2026-03-13 18:58:06 [MiddleMan] Agent thread started.
2026-03-13 18:58:06 [MiddleMan] Waiting for RuneLite Client (port 8765)...
2026-03-13 18:58:06 [MiddleMan] Client found, starting HTTP server.
2026-03-13 18:58:06 [MiddleMan] Game state API listening on http://127.0.0.1:8765
2026-03-13 18:58:26 [MiddleMan] Agent thread started.
2026-03-13 18:58:26 [MiddleMan] Waiting for RuneLite Client (port 8765)...
2026-03-13 18:58:26 [MiddleMan] Client found, starting HTTP server.
2026-03-13 18:58:26 [MiddleMan] Port 8765 in use; asking previous agent to shut down so this instance can take over.
2026-03-13 18:58:26 [MiddleMan] Game state API listening on http://127.0.0.1:8765
2026-03-13 18:58:36 [MiddleMan] Agent thread started.
2026-03-13 18:58:36 [MiddleMan] Waiting for RuneLite Client (port 8765)...
2026-03-13 18:58:36 [MiddleMan] Client found, starting HTTP server.
2026-03-13 18:58:36 [MiddleMan] Port 8765 in use; asking previous agent to shut down so this instance can take over.
2026-03-13 18:58:37 [MiddleMan] Game state API listening on http://127.0.0.1:8765
2026-03-13 18:58:45 [MiddleMan] Agent thread started.
2026-03-13 18:58:45 [MiddleMan] Waiting for RuneLite Client (port 8765)...
2026-03-13 18:58:45 [MiddleMan] Client found, starting HTTP server.
2026-03-13 18:58:45 [MiddleMan] Port 8765 in use; asking previous agent to shut down so this instance can take over.
2026-03-13 18:58:46 [MiddleMan] Game state API listening on http://127.0.0.1:8765
2026-03-13 18:58:54 [MiddleMan] Agent thread started.
2026-03-13 18:58:54 [MiddleMan] Waiting for RuneLite Client (port 8765)...
2026-03-13 18:58:54 [MiddleMan] Client found, starting HTTP server.
2026-03-13 18:58:54 [MiddleMan] Port 8765 in use; asking previous agent to shut down so this instance can take over.
2026-03-13 18:58:55 [MiddleMan] Game state API listening on http://127.0.0.1:8765
2026-03-13 19:00:08 [MiddleMan] Agent thread started.
2026-03-13 19:00:08 [MiddleMan] Waiting for RuneLite Client (port 8765)...
2026-03-13 19:00:08 [MiddleMan] Client found, starting HTTP server.
2026-03-13 19:00:08 [MiddleMan] Port 8765 in use; asking previous agent to shut down so this instance can take over.
2026-03-13 19:00:09 [MiddleMan] Game state API listening on http://127.0.0.1:8765
2026-03-13 19:00:56 [MiddleMan] Agent thread started.
2026-03-13 19:00:56 [MiddleMan] Waiting for RuneLite Client (port 8765)...
2026-03-13 19:00:56 [MiddleMan] Client found, starting HTTP server.
2026-03-13 19:00:56 [MiddleMan] Port 8765 in use; asking previous agent to shut down so this instance can take over.
2026-03-13 19:00:57 [MiddleMan] Game state API listening on http://127.0.0.1:8765
2026-03-13 19:02:50 [MiddleMan] Log file: C:\Users\Dakota\Documents\Cursor Projects\RuneLite\MiddleMan\middleman.log
2026-03-13 19:02:50 [MiddleMan] Agent thread started.
2026-03-13 19:02:50 [MiddleMan] Waiting for RuneLite Client (port 8765)...
2026-03-13 19:02:50 [MiddleMan] Client found, starting HTTP server.
2026-03-13 19:02:50 [MiddleMan] Game state API listening on http://127.0.0.1:8765
2026-03-13 19:03:02 [MiddleMan] Agent thread started.
2026-03-13 19:03:02 [MiddleMan] Waiting for RuneLite Client (port 8765)...
2026-03-13 19:03:02 [MiddleMan] Client found, starting HTTP server.
2026-03-13 19:03:02 [MiddleMan] Port 8765 in use; asking previous agent to shut down so this instance can take over.
2026-03-13 19:03:02 [MiddleMan] Game state API listening on http://127.0.0.1:8765
2026-03-13 19:04:38 [MiddleMan] Agent thread started.
2026-03-13 19:04:38 [MiddleMan] Waiting for RuneLite Client (port 8765)...
2026-03-13 19:04:38 [MiddleMan] Client found, starting HTTP server.
2026-03-13 19:04:38 [MiddleMan] Port 8765 in use; asking previous agent to shut down so this instance can take over.
2026-03-13 19:04:39 [MiddleMan] Game state API listening on http://127.0.0.1:8765
2026-03-13 19:05:48 [MiddleMan] Agent thread started.
2026-03-13 19:05:48 [MiddleMan] Waiting for RuneLite Client (port 8765)...
2026-03-13 19:05:48 [MiddleMan] Client found, starting HTTP server.
2026-03-13 19:05:48 [MiddleMan] Port 8765 in use; asking previous agent to shut down so this instance can take over.
2026-03-13 19:05:48 [MiddleMan] Game state API listening on http://127.0.0.1:8765
2026-03-13 19:07:32 [MiddleMan] Agent thread started.
2026-03-13 19:07:32 [MiddleMan] Waiting for RuneLite Client (port 8765)...
2026-03-13 19:07:32 [MiddleMan] Client found, starting HTTP server.
2026-03-13 19:07:32 [MiddleMan] Port 8765 in use; asking previous agent to shut down so this instance can take over.
2026-03-13 19:07:33 [MiddleMan] Game state API listening on http://127.0.0.1:8765
2026-03-13 19:08:52 [MiddleMan] Agent thread started.
2026-03-13 19:08:52 [MiddleMan] Waiting for RuneLite Client (port 8765)...
2026-03-13 19:08:52 [MiddleMan] Client found, starting HTTP server.
2026-03-13 19:08:52 [MiddleMan] Port 8765 in use; asking previous agent to shut down so this instance can take over.
2026-03-13 19:08:53 [MiddleMan] Game state API listening on http://127.0.0.1:8765
2026-03-13 19:09:51 [MiddleMan] Agent thread started.
2026-03-13 19:09:51 [MiddleMan] Waiting for RuneLite Client (port 8765)...
2026-03-13 19:09:51 [MiddleMan] Client found, starting HTTP server.
2026-03-13 19:09:51 [MiddleMan] Port 8765 in use; asking previous agent to shut down so this instance can take over.
2026-03-13 19:09:52 [MiddleMan] Game state API listening on http://127.0.0.1:8765
2026-03-13 19:12:07 [MiddleMan] Agent thread started.
2026-03-13 19:12:07 [MiddleMan] Waiting for RuneLite Client (port 8765)...
2026-03-13 19:12:07 [MiddleMan] Client found, starting HTTP server.
2026-03-13 19:12:07 [MiddleMan] Port 8765 in use; asking previous agent to shut down so this instance can take over.
2026-03-13 19:12:08 [MiddleMan] Game state API listening on http://127.0.0.1:8765
2026-03-13 19:13:49 [MiddleMan] Agent thread started.
2026-03-13 19:13:49 [MiddleMan] Waiting for RuneLite Client (port 8765)...
2026-03-13 19:13:49 [MiddleMan] Client found, starting HTTP server.
2026-03-13 19:13:49 [MiddleMan] Port 8765 in use; asking previous agent to shut down so this instance can take over.
2026-03-13 19:13:50 [MiddleMan] Game state API listening on http://127.0.0.1:8765
2026-03-13 19:15:31 [MiddleMan] Agent thread started.
2026-03-13 19:15:31 [MiddleMan] Waiting for RuneLite Client (port 8765)...
2026-03-13 19:15:31 [MiddleMan] Client found, starting HTTP server.
2026-03-13 19:15:31 [MiddleMan] Port 8765 in use; asking previous agent to shut down so this instance can take over.
2026-03-13 19:15:32 [MiddleMan] Game state API listening on http://127.0.0.1:8765
